Debug: Platform: Linux,4.9.93-boot2docker,x86_64,-jnone,-smalloc,-smalloc,-hcritbit

Debug: Child (188) Started
Info: Child (188) said Child starts
Error: Child (188) died signal=11
Error: Child (188) Last panic at: Wed, 16 Jan 2019 12:35:46 GMT
"Wrong turn at cache/cache_session.c:551:
Clock step detected
thread = (cache-worker)
version = varnish-4.1.10 revision 1d090c5a08f41c36562644bafcce9d3cb85d824f
ident = Linux,4.9.93-boot2docker,x86_64,-jnone,-smalloc,-smalloc,-hcritbit,epoll
now = 12999.561360 (mono), 1547642145.900205 (real)
Backtrace:
  0x55d66316fb0d: varnishd(+0x47b0d) [0x55d66316fb0d]
  0x55d66316ff86: varnishd(+0x47f86) [0x55d66316ff86]
  0x55d66317a6e1: varnishd(SES_Delete+0x1e2) [0x55d66317a6e1]
  0x55d663171d25: varnishd(Req_Cleanup+0x468) [0x55d663171d25]
  0x55d663197a0d: varnishd(HTTP1_Session+0x7fd) [0x55d663197a0d]
  0x55d6631797eb: varnishd(SES_Proto_Req+0x14c) [0x55d6631797eb]
  0x55d66318fbac: varnishd(+0x67bac) [0x55d66318fbac]
  0x55d66318e5c4: varnishd(+0x665c4) [0x55d66318e5c4]
  0x55d66318fcf4: varnishd(+0x67cf4) [0x55d66318fcf4]
  0x7fa9dc9c8494: libpthread.so.0(+0x7494) [0x7fa9dc9c8494]
req = 0x7fa9cd45e020 {
  MAGIC 0x00000000 (Should:REQ_MAGIC/0x2751aaa1)
  vxid = 0, step = R_STP_RESTART,
  req_body = R_BODY_INIT,
  restarts = 0, esi_level = 0,
  ws = 0x7fa9cd45e200 {
    MAGIC 0x00000000 (Should:WS_MAGIC/0x35fac554)
    id = \"\",
    {s,f,r,e} = {(nil),(nil),(nil),(nil)},
  },
  http[req] = (nil) {
"
Debug: Child cleanup complete
Debug: Child (3471) Started
Info: Child (3471) said Child starts
