Debug: Platform: Linux,4.9.93-boot2docker,x86_64,-jnone,-smalloc,-smalloc,-hcritbit

Debug: Child (162) Started
Info: Child (162) said Child starts
Error: Manager got SIGINT
Debug: Stopping Child
Info: Child (162) ended
Info: Child (162) said Child dies
Debug: Child cleanup complete
Debug: Platform: Linux,4.9.93-boot2docker,x86_64,-jnone,-smalloc,-smalloc,-hcritbit

Debug: Child (2874) Started
Info: Child (2874) said Child starts
Error: Manager got SIGINT
Debug: Stopping Child
Info: Child (2874) ended
Info: Child (2874) said Child dies
Debug: Child cleanup complete
Debug: Platform: Linux,4.9.93-boot2docker,x86_64,-jnone,-smalloc,-smalloc,-hcritbit

Debug: Child (11105) Started
Info: Child (11105) said Child starts
Error: Manager got SIGINT
Debug: Stopping Child
Info: Child (11105) ended
Info: Child (11105) said Child dies
Debug: Child cleanup complete
