[09-Jan-2019 19:59:02 UTC] PHP Warning:  An unexpected error occurred. Something may be wrong with WordPress.org or this server&#8217;s configuration. If you continue to have problems, please try the <a href="https://wordpress.org/support/">support forums</a>. (WordPress could not establish a secure connection to WordPress.org. Please contact your server administrator.) in /app/public/wp-admin/includes/translation-install.php on line 65
[11-Jan-2019 19:23:28 UTC] PHP Fatal error:  Uncaught Error: Call to undefined function startouppar() in /app/public/wp-content/themes/alpha/functions.php:4
Stack trace:
#0 /app/public/wp-content/themes/alpha/index.php(3): change_case('hello dolly')
#1 /app/public/wp-includes/template-loader.php(74): include('/app/public/wp-...')
#2 /app/public/wp-blog-header.php(19): require_once('/app/public/wp-...')
#3 /app/public/index.php(17): require('/app/public/wp-...')
#4 {main}
  thrown in /app/public/wp-content/themes/alpha/functions.php on line 4
[11-Jan-2019 19:24:09 UTC] PHP Fatal error:  Uncaught Error: Call to undefined function startouppar() in /app/public/wp-content/themes/alpha/functions.php:4
Stack trace:
#0 /app/public/wp-content/themes/alpha/index.php(3): change_case('hello dolly')
#1 /app/public/wp-includes/template-loader.php(74): include('/app/public/wp-...')
#2 /app/public/wp-blog-header.php(19): require_once('/app/public/wp-...')
#3 /app/public/index.php(17): require('/app/public/wp-...')
#4 {main}
  thrown in /app/public/wp-content/themes/alpha/functions.php on line 4
[11-Jan-2019 19:24:53 UTC] PHP Fatal error:  Uncaught Error: Call to undefined function strtouppar() in /app/public/wp-content/themes/alpha/functions.php:4
Stack trace:
#0 /app/public/wp-content/themes/alpha/index.php(3): change_case('hello dolly')
#1 /app/public/wp-includes/template-loader.php(74): include('/app/public/wp-...')
#2 /app/public/wp-blog-header.php(19): require_once('/app/public/wp-...')
#3 /app/public/index.php(17): require('/app/public/wp-...')
#4 {main}
  thrown in /app/public/wp-content/themes/alpha/functions.php on line 4
[11-Jan-2019 19:35:11 UTC] PHP Fatal error:  Uncaught Error: Call to undefined function blog_info() in /app/public/wp-content/themes/alpha/index.php:8
Stack trace:
#0 /app/public/wp-includes/template-loader.php(74): include()
#1 /app/public/wp-blog-header.php(19): require_once('/app/public/wp-...')
#2 /app/public/index.php(17): require('/app/public/wp-...')
#3 {main}
  thrown in /app/public/wp-content/themes/alpha/index.php on line 8
