[08-Jan-2019 16:46:28] NOTICE: fpm is running, pid 16
[08-Jan-2019 16:46:28] NOTICE: ready to handle connections
[08-Jan-2019 20:37:54] NOTICE: Terminating ...
[08-Jan-2019 20:37:54] NOTICE: exiting, bye-bye!
[09-Jan-2019 12:11:53] NOTICE: fpm is running, pid 80
[09-Jan-2019 12:11:53] NOTICE: ready to handle connections
[09-Jan-2019 18:15:44] NOTICE: Terminating ...
[09-Jan-2019 18:15:44] NOTICE: exiting, bye-bye!
[09-Jan-2019 19:57:57] NOTICE: fpm is running, pid 57
[09-Jan-2019 19:57:57] NOTICE: ready to handle connections
[09-Jan-2019 20:19:36] NOTICE: Terminating ...
[09-Jan-2019 20:19:36] NOTICE: exiting, bye-bye!
[11-Jan-2019 18:12:30] NOTICE: fpm is running, pid 74
[11-Jan-2019 18:12:30] NOTICE: ready to handle connections
[11-Jan-2019 20:48:17] NOTICE: Terminating ...
[11-Jan-2019 20:48:17] NOTICE: exiting, bye-bye!
[12-Jan-2019 06:29:57] NOTICE: fpm is running, pid 82
[12-Jan-2019 06:29:57] NOTICE: ready to handle connections
[12-Jan-2019 10:12:23] NOTICE: Terminating ...
[12-Jan-2019 10:12:23] NOTICE: exiting, bye-bye!
[12-Jan-2019 11:01:26] NOTICE: fpm is running, pid 62
[12-Jan-2019 11:01:26] NOTICE: ready to handle connections
[12-Jan-2019 14:21:42] NOTICE: fpm is running, pid 89
[12-Jan-2019 14:21:42] NOTICE: ready to handle connections
[12-Jan-2019 14:23:03] NOTICE: Terminating ...
[12-Jan-2019 14:23:03] NOTICE: exiting, bye-bye!
[12-Jan-2019 14:23:27] NOTICE: fpm is running, pid 61
[12-Jan-2019 14:23:27] NOTICE: ready to handle connections
[12-Jan-2019 18:31:14] NOTICE: Terminating ...
[12-Jan-2019 18:31:14] NOTICE: exiting, bye-bye!
[13-Jan-2019 06:42:38] NOTICE: fpm is running, pid 53
[13-Jan-2019 06:42:38] NOTICE: ready to handle connections
[13-Jan-2019 16:24:39] NOTICE: Terminating ...
[13-Jan-2019 16:24:39] NOTICE: exiting, bye-bye!
[13-Jan-2019 17:40:04] NOTICE: fpm is running, pid 9
[13-Jan-2019 17:40:04] NOTICE: ready to handle connections
[13-Jan-2019 19:19:57] WARNING: [pool www] server reached pm.max_children setting (5), consider raising it
[13-Jan-2019 19:28:50] NOTICE: Terminating ...
[13-Jan-2019 19:28:50] NOTICE: exiting, bye-bye!
[14-Jan-2019 06:34:37] NOTICE: fpm is running, pid 45
[14-Jan-2019 06:34:37] NOTICE: ready to handle connections
[14-Jan-2019 14:09:08] NOTICE: Terminating ...
[14-Jan-2019 14:09:08] NOTICE: exiting, bye-bye!
[14-Jan-2019 15:15:25] NOTICE: fpm is running, pid 64
[14-Jan-2019 15:15:25] NOTICE: ready to handle connections
[14-Jan-2019 18:44:08] NOTICE: Terminating ...
[14-Jan-2019 18:44:08] NOTICE: exiting, bye-bye!
[15-Jan-2019 12:18:41] NOTICE: fpm is running, pid 57
[15-Jan-2019 12:18:41] NOTICE: ready to handle connections
[15-Jan-2019 18:40:57] NOTICE: Terminating ...
[15-Jan-2019 18:40:57] NOTICE: exiting, bye-bye!
[16-Jan-2019 04:34:53] NOTICE: fpm is running, pid 45
[16-Jan-2019 04:34:53] NOTICE: ready to handle connections
[16-Jan-2019 09:11:43] NOTICE: Terminating ...
[16-Jan-2019 09:11:43] NOTICE: exiting, bye-bye!
[16-Jan-2019 09:12:15] NOTICE: fpm is running, pid 56
[16-Jan-2019 09:12:15] NOTICE: ready to handle connections
[16-Jan-2019 09:57:48] NOTICE: Terminating ...
[16-Jan-2019 09:57:49] NOTICE: exiting, bye-bye!
[16-Jan-2019 10:05:07] NOTICE: fpm is running, pid 41
[16-Jan-2019 10:05:07] NOTICE: ready to handle connections
[16-Jan-2019 18:52:51] NOTICE: Terminating ...
[16-Jan-2019 18:52:51] NOTICE: exiting, bye-bye!
[17-Jan-2019 14:22:23] NOTICE: fpm is running, pid 80
[17-Jan-2019 14:22:23] NOTICE: ready to handle connections
[17-Jan-2019 18:18:14] NOTICE: Terminating ...
[17-Jan-2019 18:18:15] NOTICE: exiting, bye-bye!
[17-Jan-2019 18:18:47] NOTICE: fpm is running, pid 71
[17-Jan-2019 18:18:47] NOTICE: ready to handle connections
[17-Jan-2019 18:23:35] NOTICE: Terminating ...
[17-Jan-2019 18:23:35] NOTICE: exiting, bye-bye!
[17-Jan-2019 18:32:42] NOTICE: fpm is running, pid 79
[17-Jan-2019 18:32:42] NOTICE: ready to handle connections
[17-Jan-2019 18:54:26] NOTICE: Terminating ...
[17-Jan-2019 18:54:26] NOTICE: exiting, bye-bye!
[18-Jan-2019 05:12:12] NOTICE: fpm is running, pid 67
[18-Jan-2019 05:12:12] NOTICE: ready to handle connections
[18-Jan-2019 12:06:14] NOTICE: fpm is running, pid 52
[18-Jan-2019 12:06:14] NOTICE: ready to handle connections
[18-Jan-2019 14:52:56] NOTICE: Terminating ...
[18-Jan-2019 14:52:56] NOTICE: exiting, bye-bye!
[18-Jan-2019 14:54:16] NOTICE: fpm is running, pid 69
[18-Jan-2019 14:54:16] NOTICE: ready to handle connections
[18-Jan-2019 15:12:18] NOTICE: Terminating ...
[18-Jan-2019 15:12:18] NOTICE: exiting, bye-bye!
[18-Jan-2019 19:05:16] NOTICE: fpm is running, pid 72
[18-Jan-2019 19:05:16] NOTICE: ready to handle connections
[18-Jan-2019 19:24:54] NOTICE: Terminating ...
[18-Jan-2019 19:24:54] NOTICE: exiting, bye-bye!
[19-Jan-2019 09:44:26] NOTICE: fpm is running, pid 76
[19-Jan-2019 09:44:26] NOTICE: ready to handle connections
[19-Jan-2019 13:38:40] NOTICE: Terminating ...
[19-Jan-2019 13:38:40] NOTICE: exiting, bye-bye!
[20-Jan-2019 12:56:25] NOTICE: fpm is running, pid 64
[20-Jan-2019 12:56:25] NOTICE: ready to handle connections
[20-Jan-2019 21:05:29] NOTICE: Terminating ...
[20-Jan-2019 21:05:29] NOTICE: exiting, bye-bye!
[21-Jan-2019 09:57:07] NOTICE: fpm is running, pid 50
[21-Jan-2019 09:57:07] NOTICE: ready to handle connections
[21-Jan-2019 14:20:30] NOTICE: fpm is running, pid 51
[21-Jan-2019 14:20:30] NOTICE: ready to handle connections
[21-Jan-2019 19:07:53] NOTICE: Terminating ...
[21-Jan-2019 19:07:53] NOTICE: exiting, bye-bye!
[21-Jan-2019 19:08:37] NOTICE: fpm is running, pid 60
[21-Jan-2019 19:08:37] NOTICE: ready to handle connections
[21-Jan-2019 19:39:32] NOTICE: Terminating ...
[21-Jan-2019 19:39:32] NOTICE: exiting, bye-bye!
